C:\PROJECTS\GAMANI\RELEASE\ASTRALBODY.OBJ
C:\PROJECTS\GAMANI\RELEASE\CAMERA.OBJ
C:\projects\Gamani\Release\cl.command.1.tlog
C:\projects\Gamani\Release\CL.read.1.tlog
C:\projects\Gamani\Release\CL.write.1.tlog
C:\PROJECTS\GAMANI\RELEASE\CSTRING.OBJ
C:\PROJECTS\GAMANI\RELEASE\DISPLAY.OBJ
C:\PROJECTS\GAMANI\RELEASE\DYNAMICBODY.OBJ
C:\PROJECTS\GAMANI\RELEASE\GAMANI.EXE
C:\PROJECTS\GAMANI\RELEASE\GAMANI.EXE.INTERMEDIATE.MANIFEST
C:\PROJECTS\GAMANI\RELEASE\GAMANI.OBJ
C:\PROJECTS\GAMANI\RELEASE\GAMANI.PCH
C:\PROJECTS\GAMANI\RELEASE\GAMANI.PDB
C:\PROJECTS\GAMANI\RELEASE\GLTEXTURE.OBJ
C:\PROJECTS\GAMANI\RELEASE\GUIRENDERER.OBJ
C:\PROJECTS\GAMANI\RELEASE\HUD.OBJ
C:\PROJECTS\GAMANI\RELEASE\LAYOUTMANAGER.OBJ
C:\projects\Gamani\Release\link.command.1.tlog
C:\projects\Gamani\Release\link.read.1.tlog
C:\projects\Gamani\Release\link.write.1.tlog
C:\PROJECTS\GAMANI\RELEASE\MATRIX.OBJ
C:\PROJECTS\GAMANI\RELEASE\MODEL.OBJ
C:\PROJECTS\GAMANI\RELEASE\MODELRENDERABLE.OBJ
C:\projects\Gamani\Release\mt.command.1.tlog
C:\projects\Gamani\Release\mt.read.1.tlog
C:\projects\Gamani\Release\mt.write.1.tlog
C:\PROJECTS\GAMANI\RELEASE\NAVDISPLAY.OBJ
C:\PROJECTS\GAMANI\RELEASE\PLANET.OBJ
C:\PROJECTS\GAMANI\RELEASE\PNGWRAPPER.OBJ
C:\PROJECTS\GAMANI\RELEASE\RENDERABLE.OBJ
C:\PROJECTS\GAMANI\RELEASE\RENDERER.OBJ
C:\PROJECTS\GAMANI\RELEASE\SHIP.OBJ
C:\PROJECTS\GAMANI\RELEASE\SKYBOX.OBJ
C:\PROJECTS\GAMANI\RELEASE\STAR.OBJ
C:\PROJECTS\GAMANI\RELEASE\STARSYSTEM.OBJ
C:\PROJECTS\GAMANI\RELEASE\STATION.OBJ
C:\PROJECTS\GAMANI\RELEASE\STDAFX.OBJ
C:\PROJECTS\GAMANI\RELEASE\VC100.PDB
C:\PROJECTS\GAMANI\RELEASE\VECTOR.OBJ
C:\PROJECTS\GAMANI\RELEASE\WBUTTON.OBJ
C:\PROJECTS\GAMANI\RELEASE\WIDGET.OBJ
C:\PROJECTS\GAMANI\RELEASE\WLAYOUT.OBJ
C:\PROJECTS\GAMANI\RELEASE\WMENU.OBJ
C:\PROJECTS\GAMANI\RELEASE\WORLD.OBJ
C:\PROJECTS\GAMANI\RELEASE\WRAPPER3DS.OBJ
C:\PROJECTS\GAMANI\RELEASE\WTEXT.OBJ
